<?xml version="1.0" encoding="UTF-8"?>
<testsuite xmlns:xsi="http://www.w3.org/2001/XMLSchema-instance" xsi:noNamespaceSchemaLocation="https://maven.apache.org/surefire/maven-surefire-plugin/xsd/surefire-test-report.xsd" name="com.knf.dev.SpringbootKotlinCrudApplicationTests" time="4.177" tests="1" errors="0" skipped="0" failures="0">
  <properties>
    <property name="sun.desktop" value="windows"/>
    <property name="awt.toolkit" value="sun.awt.windows.WToolkit"/>
    <property name="file.encoding.pkg" value="sun.io"/>
    <property name="java.specification.version" value="1.8"/>
    <property name="sun.cpu.isalist" value="amd64"/>
    <property name="sun.jnu.encoding" value="Cp1252"/>
    <property name="java.class.path" value="c:\Users\artur\example projects\kotlin-spring-angular-mongo-crud-main\backend-spring-kotlin\springboot-kotlin-crud\target\test-classes;c:\Users\artur\example projects\kotlin-spring-angular-mongo-crud-main\backend-spring-kotlin\springboot-kotlin-crud\target\classes;C:\Users\artur\.m2\repository\org\springframework\boot\spring-boot-starter-data-mongodb\2.3.7.RELEASE\spring-boot-starter-data-mongodb-2.3.7.RELEASE.jar;C:\Users\artur\.m2\repository\org\springframework\boot\spring-boot-starter\2.3.7.RELEASE\spring-boot-starter-2.3.7.RELEASE.jar;C:\Users\artur\.m2\repository\org\springframework\boot\spring-boot\2.3.7.RELEASE\spring-boot-2.3.7.RELEASE.jar;C:\Users\artur\.m2\repository\org\springframework\boot\spring-boot-autoconfigure\2.3.7.RELEASE\spring-boot-autoconfigure-2.3.7.RELEASE.jar;C:\Users\artur\.m2\repository\org\springframework\boot\spring-boot-starter-logging\2.3.7.RELEASE\spring-boot-starter-logging-2.3.7.RELEASE.jar;C:\Users\artur\.m2\repository\ch\qos\logback\logback-classic\1.2.3\logback-classic-1.2.3.jar;C:\Users\artur\.m2\repository\ch\qos\logback\logback-core\1.2.3\logback-core-1.2.3.jar;C:\Users\artur\.m2\repository\org\apache\logging\log4j\log4j-to-slf4j\2.13.3\log4j-to-slf4j-2.13.3.jar;C:\Users\artur\.m2\repository\org\apache\logging\log4j\log4j-api\2.13.3\log4j-api-2.13.3.jar;C:\Users\artur\.m2\repository\org\slf4j\jul-to-slf4j\1.7.30\jul-to-slf4j-1.7.30.jar;C:\Users\artur\.m2\repository\jakarta\annotation\jakarta.annotation-api\1.3.5\jakarta.annotation-api-1.3.5.jar;C:\Users\artur\.m2\repository\org\yaml\snakeyaml\1.26\snakeyaml-1.26.jar;C:\Users\artur\.m2\repository\org\mongodb\mongodb-driver-sync\4.0.5\mongodb-driver-sync-4.0.5.jar;C:\Users\artur\.m2\repository\org\mongodb\bson\4.0.5\bson-4.0.5.jar;C:\Users\artur\.m2\repository\org\mongodb\mongodb-driver-core\4.0.5\mongodb-driver-core-4.0.5.jar;C:\Users\artur\.m2\repository\org\springframework\data\spring-data-mongodb\3.0.6.RELEASE\spring-data-mongodb-3.0.6.RELEASE.jar;C:\Users\artur\.m2\repository\org\springframework\spring-tx\5.2.12.RELEASE\spring-tx-5.2.12.RELEASE.jar;C:\Users\artur\.m2\repository\org\springframework\spring-context\5.2.12.RELEASE\spring-context-5.2.12.RELEASE.jar;C:\Users\artur\.m2\repository\org\springframework\spring-beans\5.2.12.RELEASE\spring-beans-5.2.12.RELEASE.jar;C:\Users\artur\.m2\repository\org\springframework\spring-expression\5.2.12.RELEASE\spring-expression-5.2.12.RELEASE.jar;C:\Users\artur\.m2\repository\org\springframework\data\spring-data-commons\2.3.6.RELEASE\spring-data-commons-2.3.6.RELEASE.jar;C:\Users\artur\.m2\repository\org\slf4j\slf4j-api\1.7.30\slf4j-api-1.7.30.jar;C:\Users\artur\.m2\repository\org\springframework\spring-core\5.3.9\spring-core-5.3.9.jar;C:\Users\artur\.m2\repository\org\springframework\spring-jcl\5.2.12.RELEASE\spring-jcl-5.2.12.RELEASE.jar;C:\Users\artur\.m2\repository\org\springframework\boot\spring-boot-starter-web\2.3.7.RELEASE\spring-boot-starter-web-2.3.7.RELEASE.jar;C:\Users\artur\.m2\repository\org\springframework\boot\spring-boot-starter-json\2.3.7.RELEASE\spring-boot-starter-json-2.3.7.RELEASE.jar;C:\Users\artur\.m2\repository\com\fasterxml\jackson\datatype\jackson-datatype-jdk8\2.11.3\jackson-datatype-jdk8-2.11.3.jar;C:\Users\artur\.m2\repository\com\fasterxml\jackson\datatype\jackson-datatype-jsr310\2.11.3\jackson-datatype-jsr310-2.11.3.jar;C:\Users\artur\.m2\repository\com\fasterxml\jackson\module\jackson-module-parameter-names\2.11.3\jackson-module-parameter-names-2.11.3.jar;C:\Users\artur\.m2\repository\org\springframework\boot\spring-boot-starter-tomcat\2.3.7.RELEASE\spring-boot-starter-tomcat-2.3.7.RELEASE.jar;C:\Users\artur\.m2\repository\org\apache\tomcat\embed\tomcat-embed-core\9.0.41\tomcat-embed-core-9.0.41.jar;C:\Users\artur\.m2\repository\org\glassfish\jakarta.el\3.0.3\jakarta.el-3.0.3.jar;C:\Users\artur\.m2\repository\org\apache\tomcat\embed\tomcat-embed-websocket\9.0.41\tomcat-embed-websocket-9.0.41.jar;C:\Users\artur\.m2\repository\org\springframework\spring-web\5.2.12.RELEASE\spring-web-5.2.12.RELEASE.jar;C:\Users\artur\.m2\repository\org\springframework\spring-webmvc\5.2.12.RELEASE\spring-webmvc-5.2.12.RELEASE.jar;C:\Users\artur\.m2\repository\org\springframework\spring-aop\5.2.12.RELEASE\spring-aop-5.2.12.RELEASE.jar;C:\Users\artur\.m2\repository\com\fasterxml\jackson\module\jackson-module-kotlin\2.11.3\jackson-module-kotlin-2.11.3.jar;C:\Users\artur\.m2\repository\com\fasterxml\jackson\core\jackson-databind\2.11.3\jackson-databind-2.11.3.jar;C:\Users\artur\.m2\repository\com\fasterxml\jackson\core\jackson-core\2.11.3\jackson-core-2.11.3.jar;C:\Users\artur\.m2\repository\com\fasterxml\jackson\core\jackson-annotations\2.11.3\jackson-annotations-2.11.3.jar;C:\Users\artur\.m2\repository\org\jetbrains\kotlin\kotlin-reflect\1.3.72\kotlin-reflect-1.3.72.jar;C:\Users\artur\.m2\repository\org\jetbrains\kotlin\kotlin-stdlib\1.3.72\kotlin-stdlib-1.3.72.jar;C:\Users\artur\.m2\repository\org\jetbrains\kotlin\kotlin-stdlib-common\1.3.72\kotlin-stdlib-common-1.3.72.jar;C:\Users\artur\.m2\repository\org\jetbrains\annotations\13.0\annotations-13.0.jar;C:\Users\artur\.m2\repository\org\jetbrains\kotlin\kotlin-stdlib-jdk8\1.3.72\kotlin-stdlib-jdk8-1.3.72.jar;C:\Users\artur\.m2\repository\org\jetbrains\kotlin\kotlin-stdlib-jdk7\1.3.72\kotlin-stdlib-jdk7-1.3.72.jar;C:\Users\artur\.m2\repository\org\springframework\boot\spring-boot-starter-test\2.3.7.RELEASE\spring-boot-starter-test-2.3.7.RELEASE.jar;C:\Users\artur\.m2\repository\org\springframework\boot\spring-boot-test\2.3.7.RELEASE\spring-boot-test-2.3.7.RELEASE.jar;C:\Users\artur\.m2\repository\org\springframework\boot\spring-boot-test-autoconfigure\2.3.7.RELEASE\spring-boot-test-autoconfigure-2.3.7.RELEASE.jar;C:\Users\artur\.m2\repository\com\jayway\jsonpath\json-path\2.4.0\json-path-2.4.0.jar;C:\Users\artur\.m2\repository\net\minidev\json-smart\2.3\json-smart-2.3.jar;C:\Users\artur\.m2\repository\net\minidev\accessors-smart\1.2\accessors-smart-1.2.jar;C:\Users\artur\.m2\repository\org\ow2\asm\asm\5.0.4\asm-5.0.4.jar;C:\Users\artur\.m2\repository\jakarta\xml\bind\jakarta.xml.bind-api\2.3.3\jakarta.xml.bind-api-2.3.3.jar;C:\Users\artur\.m2\repository\jakarta\activation\jakarta.activation-api\1.2.2\jakarta.activation-api-1.2.2.jar;C:\Users\artur\.m2\repository\org\assertj\assertj-core\3.16.1\assertj-core-3.16.1.jar;C:\Users\artur\.m2\repository\org\hamcrest\hamcrest\2.2\hamcrest-2.2.jar;C:\Users\artur\.m2\repository\org\junit\jupiter\junit-jupiter\5.6.3\junit-jupiter-5.6.3.jar;C:\Users\artur\.m2\repository\org\junit\jupiter\junit-jupiter-api\5.6.3\junit-jupiter-api-5.6.3.jar;C:\Users\artur\.m2\repository\org\apiguardian\apiguardian-api\1.1.0\apiguardian-api-1.1.0.jar;C:\Users\artur\.m2\repository\org\opentest4j\opentest4j\1.2.0\opentest4j-1.2.0.jar;C:\Users\artur\.m2\repository\org\junit\platform\junit-platform-commons\1.6.3\junit-platform-commons-1.6.3.jar;C:\Users\artur\.m2\repository\org\junit\jupiter\junit-jupiter-params\5.6.3\junit-jupiter-params-5.6.3.jar;C:\Users\artur\.m2\repository\org\junit\jupiter\junit-jupiter-engine\5.6.3\junit-jupiter-engine-5.6.3.jar;C:\Users\artur\.m2\repository\org\junit\platform\junit-platform-engine\1.6.3\junit-platform-engine-1.6.3.jar;C:\Users\artur\.m2\repository\org\mockito\mockito-core\3.3.3\mockito-core-3.3.3.jar;C:\Users\artur\.m2\repository\net\bytebuddy\byte-buddy\1.10.18\byte-buddy-1.10.18.jar;C:\Users\artur\.m2\repository\net\bytebuddy\byte-buddy-agent\1.10.18\byte-buddy-agent-1.10.18.jar;C:\Users\artur\.m2\repository\org\objenesis\objenesis\2.6\objenesis-2.6.jar;C:\Users\artur\.m2\repository\org\mockito\mockito-junit-jupiter\3.3.3\mockito-junit-jupiter-3.3.3.jar;C:\Users\artur\.m2\repository\org\skyscreamer\jsonassert\1.5.0\jsonassert-1.5.0.jar;C:\Users\artur\.m2\repository\com\vaadin\external\google\android-json\0.0.20131108.vaadin1\android-json-0.0.20131108.vaadin1.jar;C:\Users\artur\.m2\repository\org\springframework\spring-test\5.2.12.RELEASE\spring-test-5.2.12.RELEASE.jar;C:\Users\artur\.m2\repository\org\xmlunit\xmlunit-core\2.7.0\xmlunit-core-2.7.0.jar;"/>
    <property name="java.vm.vendor" value="Oracle Corporation"/>
    <property name="sun.arch.data.model" value="64"/>
    <property name="user.variant" value=""/>
    <property name="java.vendor.url" value="http://java.oracle.com/"/>
    <property name="user.timezone" value="America/Mexico_City"/>
    <property name="java.vm.specification.version" value="1.8"/>
    <property name="os.name" value="Windows 10"/>
    <property name="user.country" value="MX"/>
    <property name="sun.java.launcher" value="SUN_STANDARD"/>
    <property name="sun.boot.library.path" value="C:\Program Files\Java\jdk1.8.0_181\jre\bin"/>
    <property name="sun.java.command" value="C:\Users\artur\AppData\Local\Temp\surefire1338057934281133365\surefirebooter6616772782211570232.jar C:\Users\artur\AppData\Local\Temp\surefire1338057934281133365 2023-04-17T12-12-31_339-jvmRun1 surefire5856137788157788643tmp surefire_04144954699430828026tmp"/>
    <property name="surefire.test.class.path" value="c:\Users\artur\example projects\kotlin-spring-angular-mongo-crud-main\backend-spring-kotlin\springboot-kotlin-crud\target\test-classes;c:\Users\artur\example projects\kotlin-spring-angular-mongo-crud-main\backend-spring-kotlin\springboot-kotlin-crud\target\classes;C:\Users\artur\.m2\repository\org\springframework\boot\spring-boot-starter-data-mongodb\2.3.7.RELEASE\spring-boot-starter-data-mongodb-2.3.7.RELEASE.jar;C:\Users\artur\.m2\repository\org\springframework\boot\spring-boot-starter\2.3.7.RELEASE\spring-boot-starter-2.3.7.RELEASE.jar;C:\Users\artur\.m2\repository\org\springframework\boot\spring-boot\2.3.7.RELEASE\spring-boot-2.3.7.RELEASE.jar;C:\Users\artur\.m2\repository\org\springframework\boot\spring-boot-autoconfigure\2.3.7.RELEASE\spring-boot-autoconfigure-2.3.7.RELEASE.jar;C:\Users\artur\.m2\repository\org\springframework\boot\spring-boot-starter-logging\2.3.7.RELEASE\spring-boot-starter-logging-2.3.7.RELEASE.jar;C:\Users\artur\.m2\repository\ch\qos\logback\logback-classic\1.2.3\logback-classic-1.2.3.jar;C:\Users\artur\.m2\repository\ch\qos\logback\logback-core\1.2.3\logback-core-1.2.3.jar;C:\Users\artur\.m2\repository\org\apache\logging\log4j\log4j-to-slf4j\2.13.3\log4j-to-slf4j-2.13.3.jar;C:\Users\artur\.m2\repository\org\apache\logging\log4j\log4j-api\2.13.3\log4j-api-2.13.3.jar;C:\Users\artur\.m2\repository\org\slf4j\jul-to-slf4j\1.7.30\jul-to-slf4j-1.7.30.jar;C:\Users\artur\.m2\repository\jakarta\annotation\jakarta.annotation-api\1.3.5\jakarta.annotation-api-1.3.5.jar;C:\Users\artur\.m2\repository\org\yaml\snakeyaml\1.26\snakeyaml-1.26.jar;C:\Users\artur\.m2\repository\org\mongodb\mongodb-driver-sync\4.0.5\mongodb-driver-sync-4.0.5.jar;C:\Users\artur\.m2\repository\org\mongodb\bson\4.0.5\bson-4.0.5.jar;C:\Users\artur\.m2\repository\org\mongodb\mongodb-driver-core\4.0.5\mongodb-driver-core-4.0.5.jar;C:\Users\artur\.m2\repository\org\springframework\data\spring-data-mongodb\3.0.6.RELEASE\spring-data-mongodb-3.0.6.RELEASE.jar;C:\Users\artur\.m2\repository\org\springframework\spring-tx\5.2.12.RELEASE\spring-tx-5.2.12.RELEASE.jar;C:\Users\artur\.m2\repository\org\springframework\spring-context\5.2.12.RELEASE\spring-context-5.2.12.RELEASE.jar;C:\Users\artur\.m2\repository\org\springframework\spring-beans\5.2.12.RELEASE\spring-beans-5.2.12.RELEASE.jar;C:\Users\artur\.m2\repository\org\springframework\spring-expression\5.2.12.RELEASE\spring-expression-5.2.12.RELEASE.jar;C:\Users\artur\.m2\repository\org\springframework\data\spring-data-commons\2.3.6.RELEASE\spring-data-commons-2.3.6.RELEASE.jar;C:\Users\artur\.m2\repository\org\slf4j\slf4j-api\1.7.30\slf4j-api-1.7.30.jar;C:\Users\artur\.m2\repository\org\springframework\spring-core\5.3.9\spring-core-5.3.9.jar;C:\Users\artur\.m2\repository\org\springframework\spring-jcl\5.2.12.RELEASE\spring-jcl-5.2.12.RELEASE.jar;C:\Users\artur\.m2\repository\org\springframework\boot\spring-boot-starter-web\2.3.7.RELEASE\spring-boot-starter-web-2.3.7.RELEASE.jar;C:\Users\artur\.m2\repository\org\springframework\boot\spring-boot-starter-json\2.3.7.RELEASE\spring-boot-starter-json-2.3.7.RELEASE.jar;C:\Users\artur\.m2\repository\com\fasterxml\jackson\datatype\jackson-datatype-jdk8\2.11.3\jackson-datatype-jdk8-2.11.3.jar;C:\Users\artur\.m2\repository\com\fasterxml\jackson\datatype\jackson-datatype-jsr310\2.11.3\jackson-datatype-jsr310-2.11.3.jar;C:\Users\artur\.m2\repository\com\fasterxml\jackson\module\jackson-module-parameter-names\2.11.3\jackson-module-parameter-names-2.11.3.jar;C:\Users\artur\.m2\repository\org\springframework\boot\spring-boot-starter-tomcat\2.3.7.RELEASE\spring-boot-starter-tomcat-2.3.7.RELEASE.jar;C:\Users\artur\.m2\repository\org\apache\tomcat\embed\tomcat-embed-core\9.0.41\tomcat-embed-core-9.0.41.jar;C:\Users\artur\.m2\repository\org\glassfish\jakarta.el\3.0.3\jakarta.el-3.0.3.jar;C:\Users\artur\.m2\repository\org\apache\tomcat\embed\tomcat-embed-websocket\9.0.41\tomcat-embed-websocket-9.0.41.jar;C:\Users\artur\.m2\repository\org\springframework\spring-web\5.2.12.RELEASE\spring-web-5.2.12.RELEASE.jar;C:\Users\artur\.m2\repository\org\springframework\spring-webmvc\5.2.12.RELEASE\spring-webmvc-5.2.12.RELEASE.jar;C:\Users\artur\.m2\repository\org\springframework\spring-aop\5.2.12.RELEASE\spring-aop-5.2.12.RELEASE.jar;C:\Users\artur\.m2\repository\com\fasterxml\jackson\module\jackson-module-kotlin\2.11.3\jackson-module-kotlin-2.11.3.jar;C:\Users\artur\.m2\repository\com\fasterxml\jackson\core\jackson-databind\2.11.3\jackson-databind-2.11.3.jar;C:\Users\artur\.m2\repository\com\fasterxml\jackson\core\jackson-core\2.11.3\jackson-core-2.11.3.jar;C:\Users\artur\.m2\repository\com\fasterxml\jackson\core\jackson-annotations\2.11.3\jackson-annotations-2.11.3.jar;C:\Users\artur\.m2\repository\org\jetbrains\kotlin\kotlin-reflect\1.3.72\kotlin-reflect-1.3.72.jar;C:\Users\artur\.m2\repository\org\jetbrains\kotlin\kotlin-stdlib\1.3.72\kotlin-stdlib-1.3.72.jar;C:\Users\artur\.m2\repository\org\jetbrains\kotlin\kotlin-stdlib-common\1.3.72\kotlin-stdlib-common-1.3.72.jar;C:\Users\artur\.m2\repository\org\jetbrains\annotations\13.0\annotations-13.0.jar;C:\Users\artur\.m2\repository\org\jetbrains\kotlin\kotlin-stdlib-jdk8\1.3.72\kotlin-stdlib-jdk8-1.3.72.jar;C:\Users\artur\.m2\repository\org\jetbrains\kotlin\kotlin-stdlib-jdk7\1.3.72\kotlin-stdlib-jdk7-1.3.72.jar;C:\Users\artur\.m2\repository\org\springframework\boot\spring-boot-starter-test\2.3.7.RELEASE\spring-boot-starter-test-2.3.7.RELEASE.jar;C:\Users\artur\.m2\repository\org\springframework\boot\spring-boot-test\2.3.7.RELEASE\spring-boot-test-2.3.7.RELEASE.jar;C:\Users\artur\.m2\repository\org\springframework\boot\spring-boot-test-autoconfigure\2.3.7.RELEASE\spring-boot-test-autoconfigure-2.3.7.RELEASE.jar;C:\Users\artur\.m2\repository\com\jayway\jsonpath\json-path\2.4.0\json-path-2.4.0.jar;C:\Users\artur\.m2\repository\net\minidev\json-smart\2.3\json-smart-2.3.jar;C:\Users\artur\.m2\repository\net\minidev\accessors-smart\1.2\accessors-smart-1.2.jar;C:\Users\artur\.m2\repository\org\ow2\asm\asm\5.0.4\asm-5.0.4.jar;C:\Users\artur\.m2\repository\jakarta\xml\bind\jakarta.xml.bind-api\2.3.3\jakarta.xml.bind-api-2.3.3.jar;C:\Users\artur\.m2\repository\jakarta\activation\jakarta.activation-api\1.2.2\jakarta.activation-api-1.2.2.jar;C:\Users\artur\.m2\repository\org\assertj\assertj-core\3.16.1\assertj-core-3.16.1.jar;C:\Users\artur\.m2\repository\org\hamcrest\hamcrest\2.2\hamcrest-2.2.jar;C:\Users\artur\.m2\repository\org\junit\jupiter\junit-jupiter\5.6.3\junit-jupiter-5.6.3.jar;C:\Users\artur\.m2\repository\org\junit\jupiter\junit-jupiter-api\5.6.3\junit-jupiter-api-5.6.3.jar;C:\Users\artur\.m2\repository\org\apiguardian\apiguardian-api\1.1.0\apiguardian-api-1.1.0.jar;C:\Users\artur\.m2\repository\org\opentest4j\opentest4j\1.2.0\opentest4j-1.2.0.jar;C:\Users\artur\.m2\repository\org\junit\platform\junit-platform-commons\1.6.3\junit-platform-commons-1.6.3.jar;C:\Users\artur\.m2\repository\org\junit\jupiter\junit-jupiter-params\5.6.3\junit-jupiter-params-5.6.3.jar;C:\Users\artur\.m2\repository\org\junit\jupiter\junit-jupiter-engine\5.6.3\junit-jupiter-engine-5.6.3.jar;C:\Users\artur\.m2\repository\org\junit\platform\junit-platform-engine\1.6.3\junit-platform-engine-1.6.3.jar;C:\Users\artur\.m2\repository\org\mockito\mockito-core\3.3.3\mockito-core-3.3.3.jar;C:\Users\artur\.m2\repository\net\bytebuddy\byte-buddy\1.10.18\byte-buddy-1.10.18.jar;C:\Users\artur\.m2\repository\net\bytebuddy\byte-buddy-agent\1.10.18\byte-buddy-agent-1.10.18.jar;C:\Users\artur\.m2\repository\org\objenesis\objenesis\2.6\objenesis-2.6.jar;C:\Users\artur\.m2\repository\org\mockito\mockito-junit-jupiter\3.3.3\mockito-junit-jupiter-3.3.3.jar;C:\Users\artur\.m2\repository\org\skyscreamer\jsonassert\1.5.0\jsonassert-1.5.0.jar;C:\Users\artur\.m2\repository\com\vaadin\external\google\android-json\0.0.20131108.vaadin1\android-json-0.0.20131108.vaadin1.jar;C:\Users\artur\.m2\repository\org\springframework\spring-test\5.2.12.RELEASE\spring-test-5.2.12.RELEASE.jar;C:\Users\artur\.m2\repository\org\xmlunit\xmlunit-core\2.7.0\xmlunit-core-2.7.0.jar;"/>
    <property name="sun.cpu.endian" value="little"/>
    <property name="user.home" value="C:\Users\artur"/>
    <property name="user.language" value="es"/>
    <property name="java.specification.vendor" value="Oracle Corporation"/>
    <property name="java.home" value="C:\Program Files\Java\jdk1.8.0_181\jre"/>
    <property name="basedir" value="c:\Users\artur\example projects\kotlin-spring-angular-mongo-crud-main\backend-spring-kotlin\springboot-kotlin-crud"/>
    <property name="file.separator" value="\"/>
    <property name="line.separator" value="&#10;"/>
    <property name="java.vm.specification.vendor" value="Oracle Corporation"/>
    <property name="java.specification.name" value="Java Platform API Specification"/>
    <property name="java.awt.graphicsenv" value="sun.awt.Win32GraphicsEnvironment"/>
    <property name="surefire.real.class.path" value="C:\Users\artur\AppData\Local\Temp\surefire1338057934281133365\surefirebooter6616772782211570232.jar"/>
    <property name="sun.boot.class.path" value="C:\Program Files\Java\jdk1.8.0_181\jre\lib\resources.jar;C:\Program Files\Java\jdk1.8.0_181\jre\lib\rt.jar;C:\Program Files\Java\jdk1.8.0_181\jre\lib\sunrsasign.jar;C:\Program Files\Java\jdk1.8.0_181\jre\lib\jsse.jar;C:\Program Files\Java\jdk1.8.0_181\jre\lib\jce.jar;C:\Program Files\Java\jdk1.8.0_181\jre\lib\charsets.jar;C:\Program Files\Java\jdk1.8.0_181\jre\lib\jfr.jar;C:\Program Files\Java\jdk1.8.0_181\jre\classes"/>
    <property name="user.script" value=""/>
    <property name="sun.management.compiler" value="HotSpot 64-Bit Tiered Compilers"/>
    <property name="java.runtime.version" value="1.8.0_181-b13"/>
    <property name="user.name" value="artur"/>
    <property name="path.separator" value=";"/>
    <property name="os.version" value="10.0"/>
    <property name="java.endorsed.dirs" value="C:\Program Files\Java\jdk1.8.0_181\jre\lib\endorsed"/>
    <property name="java.runtime.name" value="Java(TM) SE Runtime Environment"/>
    <property name="file.encoding" value="Cp1252"/>
    <property name="java.vm.name" value="Java HotSpot(TM) 64-Bit Server VM"/>
    <property name="localRepository" value="C:\Users\artur\.m2\repository"/>
    <property name="java.vendor.url.bug" value="http://bugreport.sun.com/bugreport/"/>
    <property name="java.io.tmpdir" value="C:\Users\artur\AppData\Local\Temp\"/>
    <property name="java.version" value="1.8.0_181"/>
    <property name="user.dir" value="c:\Users\artur\example projects\kotlin-spring-angular-mongo-crud-main\backend-spring-kotlin\springboot-kotlin-crud"/>
    <property name="os.arch" value="amd64"/>
    <property name="java.vm.specification.name" value="Java Virtual Machine Specification"/>
    <property name="java.awt.printerjob" value="sun.awt.windows.WPrinterJob"/>
    <property name="sun.os.patch.level" value=""/>
    <property name="java.library.path" value="C:\Program Files\Java\jdk1.8.0_181\jre\bin;C:\WINDOWS\Sun\Java\bin;C:\WINDOWS\system32;C:\WINDOWS;C:\Program Files\Common Files\Oracle\Java\javapath;C:\Program Files (x86)\Common Files\Oracle\Java\javapath;C:\Program Files (x86)\Common Files\Intel\Shared Libraries\redist\intel64\compiler;C:\Python27\;C:\Python27\Scripts;C:\Program Files (x86)\Intel\iCLS Client\;C:\Program Files\Intel\iCLS Client\;C:\Windows\system32;C:\Windows;C:\Windows\System32\Wbem;C:\Windows\System32\WindowsPowerShell\v1.0\;C:\Program Files (x86)\NVIDIA Corporation\PhysX\Common;C:\WINDOWS\system32;C:\WINDOWS;C:\WINDOWS\System32\Wbem;C:\WINDOWS\System32\WindowsPowerShell\v1.0\;C:\WINDOWS\System32\OpenSSH\;C:\xampp\php;C:\ProgramData\ComposerSetup\bin;C:\ProgramData\chocolatey\bin;C:\Program Files\Java\jdk1.8.0_181\bin;C:\Program Files\NVIDIA Corporation\NVIDIA NvDLISR;C:\xamp\php;C:\WINDOWS\system32;C:\WINDOWS;C:\WINDOWS\System32\Wbem;C:\WINDOWS\System32\WindowsPowerShell\v1.0\;C:\WINDOWS\System32\OpenSSH\;C:\Program Files (x86)\Microsoft SQL Server\150\DTS\Binn\;C:\Program Files\Azure Data Studio\bin;C:\Program Files\nodejs\;C:\Program Files\Microsoft SQL Server\150\Tools\Binn\;C:\Program Files\dotnet\;C:\Program Files\Git\cmd;C:\Program Files\Microsoft SQL Server\Client SDK\ODBC\170\Tools\Binn\;C:\Users\artur\AppData\Local\Microsoft\WindowsApps;C:\Users\artur\AppData\Roaming\Composer\vendor\bin;C:\Program Files\heroku\bin;C:\Users\artur\AppData\Local\GitHubDesktop\bin;C:\Program Files\Azure Data Studio\bin;C:\Users\artur\AppData\Local\Programs\Microsoft VS Code\bin;C:\Users\artur\AppData\Roaming\npm;C:\Users\artur\.dotnet\tools;C:\src\flutter\bin;C:\Program Files\PostgreSQL\15\bin;C:\Program Files\Android\Android Studio1\plugins\Kotlin\kotlinc\bin;C:\Program Files\Java\jdk-11.0.16\bin;C:\apache-maven-3.9.1\bin;;."/>
    <property name="java.vm.info" value="mixed mode"/>
    <property name="java.vendor" value="Oracle Corporation"/>
    <property name="java.vm.version" value="25.181-b13"/>
    <property name="java.ext.dirs" value="C:\Program Files\Java\jdk1.8.0_181\jre\lib\ext;C:\WINDOWS\Sun\Java\lib\ext"/>
    <property name="sun.io.unicode.encoding" value="UnicodeLittle"/>
    <property name="java.class.version" value="52.0"/>
  </properties>
  <testcase name="contextLoads" classname="com.knf.dev.SpringbootKotlinCrudApplicationTests" time="0.221"/>
</testsuite>